\BOOKMARK [0][-]{section*.1}{Abstract}{}% 1
\BOOKMARK [0][-]{section*.1}{Acknowledgments}{}% 2
\BOOKMARK [0][-]{chapter*.3}{List of Illustrations}{}% 3
\BOOKMARK [0][-]{chapter*.4}{List of Tables}{}% 4
\BOOKMARK [0][-]{chapter*.5}{List of Abbreviations}{}% 5
\BOOKMARK [0][-]{chapter.1}{Introduction}{}% 6
\BOOKMARK [0][-]{chapter.2}{Background}{}% 7
\BOOKMARK [0][-]{chapter.3}{Experimental Methodology}{}% 8
\BOOKMARK [1][-]{section.3.1}{Delamination}{chapter.3}% 9
\BOOKMARK [1][-]{section.3.2}{Test Matrix}{chapter.3}% 10
\BOOKMARK [1][-]{section.3.3}{Volume Fraction}{chapter.3}% 11
\BOOKMARK [1][-]{section.3.4}{Specific Heat}{chapter.3}% 12
\BOOKMARK [1][-]{section.3.5}{Thermal Conductivity}{chapter.3}% 13
\BOOKMARK [0][-]{chapter.4}{Experimental Results}{}% 14
\BOOKMARK [1][-]{section.4.1}{Delamination}{chapter.4}% 15
\BOOKMARK [1][-]{section.4.2}{Volume Fraction}{chapter.4}% 16
\BOOKMARK [1][-]{section.4.3}{Specific Heat}{chapter.4}% 17
\BOOKMARK [1][-]{section.4.4}{Thermal Conductivity}{chapter.4}% 18
\BOOKMARK [0][-]{chapter.5}{Conclusion}{}% 19
\BOOKMARK [0][-]{chapter*.31}{Bibliography}{}% 20
\BOOKMARK [0][-]{appendix*.32}{Appendices}{}% 21
