This is pdfeTeX, Version 3.141592-1.21a-2.2 (Web2C 7.5.4) (format=pdflatex 2008.11.23)  6 NOV 2009 14:24
entering extended mode
\write18 enabled.
**ausample.tex
(./ausample.tex
LaTeX2e <2003/12/01>
Babel <v3.8d> and hyphenation patterns for american, french, german, ngerman, b
ahasa, basque, bulgarian, catalan, croatian, czech, danish, dutch, esperanto, e
stonian, finnish, greek, icelandic, irish, italian, latin, magyar, norsk, polis
h, portuges, romanian, russian, serbian, slovak, slovene, spanish, swedish, tur
kish, ukrainian, nohyphenation, loaded.
(/sw/share/texmf-dist/tex/latex/base/report.cls
Document Class: report 2004/02/16 v1.4f Standard LaTeX document class
(/sw/share/texmf-dist/tex/latex/base/size12.clo
File: size12.clo 2004/02/16 v1.4f Standard LaTeX file (size option)
)
\c@part=\count79
\c@chapter=\count80
\c@section=\count81
\c@subsection=\count82
\c@subsubsection=\count83
\c@paragraph=\count84
\c@subparagraph=\count85
\c@figure=\count86
\c@table=\count87
\abovecaptionskip=\skip41
\belowcaptionskip=\skip42
\bibindent=\dimen102
) (./auphd.sty
Document Style Option 'auphd' <9 Mar 2006>
(./aums.sty
Document Style Option 'aums' <22 Oct 2009>
\c@professor=\count88
(/sw/share/texmf-dist/tex/latex/lastpage/lastpage.sty
Package: lastpage 1994/06/25 v0.1b LaTeX2e package for refs to last page number
 (JPG)
)
(/sw/share/texmf-dist/tex/latex/setspace/setspace.sty
Package: setspace 2000/12/01 6.7 Contributed and Supported LaTeX2e package

Package: `setspace' 6.7 <2000/12/01>
))) (/sw/share/texmf-dist/tex/latex/ulem/ulem.sty
\UL@box=\box26
\UL@hyphenbox=\box27
\UL@skip=\skip43
\UL@hook=\toks14
\UL@pe=\count89
\UL@pixel=\dimen103
\ULC@box=\box28
Package: ulem 2000/05/26
\ULdepth=\dimen104
)
(/sw/share/texmf-dist/tex/latex/url/url.sty
\Urlmuskip=\muskip10
Package: url 2004/03/15  ver 3.1  Verb mode for urls, etc.
)
(/sw/share/texmf-dist/tex/latex/nomencl/nomencl.sty
Package: nomencl 2005/09/22 v4.2 Nomenclature package (LN)
\nomlabelwidth=\dimen105
\nom@tempdim=\dimen106
\nomitemsep=\skip44
)
\@nomenclaturefile=\write3
\openout3 = `ausample.nlo'.


Writing nomenclature file ausample.nlo
\c@theorem=\count90
(./ausample.aux

LaTeX Warning: Label `HollowCircles' multiply defined.

)
\openout1 = `ausample.aux'.

LaTeX Font Info:    Checking defaults for OML/cmm/m/it on input line 52.
LaTeX Font Info:    ... okay on input line 52.
LaTeX Font Info:    Checking defaults for T1/cmr/m/n on input line 52.
LaTeX Font Info:    ... okay on input line 52.
LaTeX Font Info:    Checking defaults for OT1/cmr/m/n on input line 52.
LaTeX Font Info:    ... okay on input line 52.
LaTeX Font Info:    Checking defaults for OMS/cmsy/m/n on input line 52.
LaTeX Font Info:    ... okay on input line 52.
LaTeX Font Info:    Checking defaults for OMX/cmex/m/n on input line 52.
LaTeX Font Info:    ... okay on input line 52.
LaTeX Font Info:    Checking defaults for U/cmr/m/n on input line 52.
LaTeX Font Info:    ... okay on input line 52.
LaTeX Font Info:    External font `cmex10' loaded for size
(Font)              <12> on input line 56.
LaTeX Font Info:    External font `cmex10' loaded for size
(Font)              <8> on input line 56.
LaTeX Font Info:    External font `cmex10' loaded for size
(Font)              <6> on input line 56.
 [1

{/sw/var/lib/texmf/fonts/map/pdftex/updmap/pdftex.map}] [2] [3]
(./ausample.toc)
\tf@toc=\write4
\openout4 = `ausample.toc'.

 [4

] (./ausample.lof)
\tf@lof=\write5
\openout5 = `ausample.lof'.

 [5

] (./ausample.lot)
\tf@lot=\write6
\openout6 = `ausample.lot'.

 (./ausample.nls
[6

]) [7

]
Chapter 1.
[1


] [2]
Chapter 2.
[3

] [4

] [5

]
Appendix A.
LaTeX Font Info:    External font `cmex10' loaded for size
(Font)              <7> on input line 212.
LaTeX Font Info:    External font `cmex10' loaded for size
(Font)              <5> on input line 212.
[6

] AED: lastpage setting LastPage (./ausample.aux)

LaTeX Warning: There were multiply-defined labels.

 ) 
Here is how much of TeX's memory you used:
 622 strings out of 94500
 6951 string characters out of 1176113
 55795 words of memory out of 1500000
 3823 multiletter control sequences out of 10000+50000
 7473 words of font info for 28 fonts, out of 1200000 for 2000
 580 hyphenation exceptions out of 8191
 24i,8n,19p,271b,246s stack positions out of 5000i,500n,6000p,200000b,5000s
PDF statistics:
 75 PDF objects out of 65536
 0 named destinations out of 20000
 1 words of extra memory for PDF output out of 65536
</sw/share/texmf-dist/fonts/type1/bluesky/cm/cmtt10.pfb></sw/share/texmf-dist
/fonts/type1/bluesky/cm/cmr10.pfb></sw/share/texmf-dist/fonts/type1/bluesky/cm/
cmr7.pfb></sw/share/texmf-dist/fonts/type1/bluesky/cm/cmmi12.pfb></sw/share/tex
mf-dist/fonts/type1/bluesky/cm/cmsy10.pfb></sw/share/texmf-dist/fonts/type1/blu
esky/latex/lcircle1.pfb></sw/share/texmf-dist/fonts/type1/bluesky/cm/cmti12.pfb
></sw/share/texmf-dist/fonts/type1/bluesky/cm/cmtt12.pfb></sw/share/texmf-dist/
fonts/type1/bluesky/cm/cmr8.pfb></sw/share/texmf-dist/fonts/type1/bluesky/cm/cm
r12.pfb></sw/share/texmf-dist/fonts/type1/bluesky/cm/cmbx12.pfb>
Output written on ausample.pdf (13 pages, 81748 bytes).
